\BOOKMARK [0][-]{chapter.1}{Introduction}{}
\BOOKMARK [1][-]{section.1.1}{Background}{chapter.1}
\BOOKMARK [1][-]{section.1.2}{Problem Statement}{chapter.1}
\BOOKMARK [1][-]{section.1.3}{Literature Review}{chapter.1}
\BOOKMARK [2][-]{subsection.1.3.1}{A Survey of Mobile Phone Sensing}{section.1.3}
\BOOKMARK [2][-]{subsection.1.3.2}{Distributed Perception Networks for Crisis Management}{section.1.3}
\BOOKMARK [2][-]{subsection.1.3.3}{Video about how crisis mapping helped during the Haiti earthquake}{section.1.3}
\BOOKMARK [2][-]{subsection.1.3.4}{A Real-time Disaster Situation Mapping System for University Campuses}{section.1.3}
\BOOKMARK [1][-]{section.1.4}{Solution Approach}{chapter.1}
\BOOKMARK [1][-]{section.1.5}{Report Outline}{chapter.1}
\BOOKMARK [0][-]{chapter.2}{Theory}{}
\BOOKMARK [1][-]{section.2.1}{Gaussian Processes for Regression}{chapter.2}
\BOOKMARK [2][-]{subsection.2.1.1}{Covariance Function}{section.2.1}
\BOOKMARK [2][-]{subsection.2.1.2}{Method of Calculation}{section.2.1}
\BOOKMARK [2][-]{subsection.2.1.3}{Prediction of Temperature Using Gaussian Process Regression}{section.2.1}
\BOOKMARK [1][-]{section.2.2}{Forest Fire Theory}{chapter.2}
\BOOKMARK [2][-]{subsection.2.2.1}{The Fundamentals of Fire}{section.2.2}
\BOOKMARK [2][-]{subsection.2.2.2}{Analyzing the Shape of Fire}{section.2.2}
\BOOKMARK [2][-]{subsection.2.2.3}{Fire Movement}{section.2.2}
\BOOKMARK [2][-]{subsection.2.2.4}{Fire Types}{section.2.2}
\BOOKMARK [2][-]{subsection.2.2.5}{Wind}{section.2.2}
\BOOKMARK [2][-]{subsection.2.2.6}{Climate and Vegetation Effect on Fire}{section.2.2}
\BOOKMARK [2][-]{subsection.2.2.7}{Relative Humidity}{section.2.2}
\BOOKMARK [2][-]{subsection.2.2.8}{Rate of Spread}{section.2.2}
\BOOKMARK [0][-]{chapter.3}{Solution}{}
\BOOKMARK [1][-]{section.3.1}{Fire and Sensor Simulation}{chapter.3}
\BOOKMARK [1][-]{section.3.2}{Fire Interpreter}{chapter.3}
\BOOKMARK [2][-]{subsection.3.2.1}{Performance}{section.3.2}
\BOOKMARK [2][-]{subsection.3.2.2}{Changes in pyXGPR kernel to support wind}{section.3.2}
\BOOKMARK [2][-]{subsection.3.2.3}{Unexpected predictions with wind}{section.3.2}
\BOOKMARK [0][-]{chapter.4}{Discussion}{}
\BOOKMARK [1][-]{section.4.1}{Results}{chapter.4}
\BOOKMARK [2][-]{subsection.4.1.1}{Results with simple simulation}{section.4.1}
\BOOKMARK [2][-]{subsection.4.1.2}{Results with advanced simulation}{section.4.1}
\BOOKMARK [0][-]{chapter.5}{Conclusion}{}
\BOOKMARK [0][-]{chapter.5}{Acknowledgments}{}
\BOOKMARK [0][-]{chapter*.7}{References}{}
